2016-09-05 14:00:00.004474: Error: HTTP 400 error: The 'To' number +99129213123123 is not a valid phone number.
2016-09-05 14:00:00.004474: Error: HTTP 400 error: The 'To' number +99129213123123 is not a valid phone number.
2016-09-05 14:00:00.004474: Error: HTTP 400 error: The 'To' number +99129213123123 is not a valid phone number.
2016-09-05 14:00:00.004474: The message could not be sent in 3 tries
2016-09-05 14:20:09HTTP 400 error: The 'To' number +99129213123123 is not a valid phone number.
2016-09-05 14:20:09HTTP 400 error: The 'To' number +99129213123123 is not a valid phone number.
2016-09-05 14:20:09HTTP 400 error: The 'To' number +99129213123123 is not a valid phone number.
2016-09-05 14:20:09: The message could not be sent in 3 tries
2016-09-05 14:21:00HTTP 400 error: The 'To' number +99129213123123 is not a valid phone number.
2016-09-05 14:21:00HTTP 400 error: The 'To' number +99129213123123 is not a valid phone number.
2016-09-05 14:21:00HTTP 400 error: The 'To' number +99129213123123 is not a valid phone number.
2016-09-05 14:21:00: The message could not be sent in 3 tries
2016-09-05 14:22:00: HTTP 400 error: The 'To' number +99129213123123 is not a valid phone number.
2016-09-05 14:22:00: HTTP 400 error: The 'To' number +99129213123123 is not a valid phone number.
2016-09-05 14:22:00: HTTP 400 error: The 'To' number +99129213123123 is not a valid phone number.
2016-09-05 14:22:00: The message could not be sent in 3 tries
2016-09-05 14:23:00: HTTP 400 error: The 'To' number +99129213123123 is not a valid phone number.
2016-09-05 14:23:00: HTTP 400 error: The 'To' number +99129213123123 is not a valid phone number.
2016-09-05 14:23:00: HTTP 400 error: The 'To' number +99129213123123 is not a valid phone number.
2016-09-05 14:23:00: The message could not be sent in 3 tries
